3.4663 	WARNING 	User requested fullscreen with size [1024  768], but screen is actually [1280, 1024]. Using actual size
4.1568 	EXP 	Created window1 = Window(allowGUI=False, allowStencil=False, args=UNKNOWN, autoLog=True, bitsMode=UNKNOWN, blendMode='avg', color=array([0., 0., 0.]), colorSpace='rgb', fullscr=<method-wrapper '__getattribute__' of attributeSetter object at 0x7f4c808a2be0>, gamma=None, kwargs=UNKNOWN, lms=UNKNOWN, monitor=<psychopy.monitors.calibTools.Monitor object at 0x7f4c807c8d30>, multiSample=False, name='window1', numSamples=2, pos=[0.0, 0.0], screen=0, size=array([1280, 1024]), stereo=False, units='norm', useFBO=True, useRetina=False, viewOri=0.0, viewPos=None, viewScale=None, waitBlanking=True, winType='pyglet')
4.1568 	EXP 	window1: recordFrameIntervals = False
4.3228 	EXP 	window1: recordFrameIntervals = True
4.5062 	EXP 	window1: recordFrameIntervals = False
4.5726 	EXP 	Created text = TextStim(__class__=<class 'psychopy.visual.text.TextStim'>, alignHoriz='center', alignVert='center', antialias=True, autoLog=True, bold=False, color='white', colorSpace='named', contrast=1.0, depth=0.0, flipHoriz=False, flipVert=False, font='Arial', fontFiles=[], height=0.1, italic=False, languageStyle='LTR', name='text', opacity=1.0, ori=0, pos=array([0., 0.]), rgb=array([255., 255., 255.]), text=str(...), units='norm', win=Window(...), wrapWidth=1)
4.8032 	EXP 	Created movie = MovieStim3(__class__=<class 'psychopy.visual.movie3.MovieStim3'>, autoLog=True, color=UNKNOWN, colorSpace=UNKNOWN, depth=0.0, filename='Wah.mp4', flipHoriz=False, flipVert=False, fps=UNKNOWN, interpolate=True, loop=False, name='movie', noAudio=False, opacity=1.0, ori=0, pos=array([0., 0.]), size=array([1024.,  576.]), units='pix', vframe_callback=UNKNOWN, volume=UNKNOWN, win=Window(...))
5.4304 	EXP 	Set  sound=[[0. 0.]
 [0. 0.]
 [0. 0.]
 ...
 [0. 0.]
 [0. 0.]
 [0. 0.]]
5.4376 	EXP 	Created movie_2 = MovieStim3(__class__=<class 'psychopy.visual.movie3.MovieStim3'>, autoLog=True, color=UNKNOWN, colorSpace=UNKNOWN, depth=0.0, filename='szach.mp4', flipHoriz=False, flipVert=False, fps=UNKNOWN, interpolate=True, loop=False, name='movie_2', noAudio=False, opacity=1.0, ori=0, pos=array([0., 0.]), size=array([1280.,  720.]), units='pix', vframe_callback=UNKNOWN, volume=UNKNOWN, win=Window(...))
5.9596 	EXP 	Set  sound=[[0. 0.]
 [0. 0.]
 [0. 0.]
 ...
 [0. 0.]
 [0. 0.]
 [0. 0.]]
5.9669 	EXP 	Created movie_3 = MovieStim3(__class__=<class 'psychopy.visual.movie3.MovieStim3'>, autoLog=True, color=UNKNOWN, colorSpace=UNKNOWN, depth=0.0, filename='paski.mp4', flipHoriz=False, flipVert=False, fps=UNKNOWN, interpolate=True, loop=False, name='movie_3', noAudio=False, opacity=1.0, ori=0, pos=array([0., 0.]), size=array([1280.,  720.]), units='pix', vframe_callback=UNKNOWN, volume=UNKNOWN, win=Window(...))
6.0613 	EXP 	Created text_3 = TextStim(__class__=<class 'psychopy.visual.text.TextStim'>, alignHoriz='center', alignVert='center', antialias=True, autoLog=True, bold=False, color='white', colorSpace='named', contrast=1.0, depth=0.0, flipHoriz=False, flipVert=False, font='Arial', fontFiles=[], height=0.08, italic=False, languageStyle='LTR', name='text_3', opacity=1.0, ori=0, pos=array([0., 0.]), rgb=array([255., 255., 255.]), text=str(...), units='norm', win=Window(...), wrapWidth=1.7)
6.0665 	EXP 	Created text_2 = TextStim(__class__=<class 'psychopy.visual.text.TextStim'>, alignHoriz='center', alignVert='center', antialias=True, autoLog=True, bold=False, color='white', colorSpace='named', contrast=1.0, depth=0.0, flipHoriz=False, flipVert=False, font='Arial', fontFiles=[], height=0.1, italic=False, languageStyle='LTR', name='text_2', opacity=1.0, ori=0, pos=array([0., 0.]), rgb=array([255., 255., 255.]), text='To juz koniec :)', units='norm', win=Window(...), wrapWidth=1)
6.0706 	EXP 	movie: movie = 'Wah.mp4'
6.0706 	EXP 	movie: autoLog = True
6.0706 	EXP 	movie_2: movie = 'szach.mp4'
6.0706 	EXP 	movie_2: autoLog = True
6.0706 	EXP 	movie_3: movie = 'paski.mp4'
6.0706 	EXP 	movie_3: autoLog = True
6.0706 	EXP 	text: autoDraw = True
7.9385 	DATA 	Keypress: space
7.9551 	EXP 	text: autoDraw = False
7.9551 	EXP 	movie: autoDraw = True
82.7482 	EXP 	Set movie finished
82.7648 	EXP 	movie: autoDraw = False
92.4456 	DATA 	Keypress: space
92.7620 	EXP 	Sound  started
92.7784 	EXP 	movie_2: autoDraw = True
152.7433 	EXP 	Sound  stopped
152.7598 	EXP 	movie_2: autoDraw = False
152.7598 	EXP 	movie_2: autoDraw = False
162.7568 	EXP 	Sound  started
162.7732 	EXP 	movie_3: autoDraw = True
206.9094 	EXP 	Set movie_3 finished
206.9291 	EXP 	movie_3: autoDraw = False
206.9291 	EXP 	text_3: autoDraw = True
245.7142 	DATA 	Keypress: space
266.9241 	EXP 	text_3: autoDraw = False
266.9241 	EXP 	text_3: autoDraw = False
266.9241 	EXP 	text_2: autoDraw = True
267.9416 	EXP 	window1: mouseVisible = True
